<?xml version="1.0" encoding="UTF-8"?>
<!-- Generated by org.testng.reporters.JUnitReportReporter -->
<testsuite skipped="4" hostname="Josephs-MacBoo.local" name="com.crm.skycleon.testcases.HomePageTest" tests="5" failures="0" timestamp="2021-01-06T12:43:38 WAT" time="1.878" errors="1">
  <testcase name="setUp" time="1.878" classname="com.crm.skycleon.testcases.HomePageTest">
    <error type="org.openqa.selenium.SessionNotCreatedException" message="session not created: This version of ChromeDriver only supports Chrome version 85
Build info: version: &#039;3.141.59&#039;, revision: &#039;e82be7d358&#039;, time: &#039;2018-11-14T08:17:03&#039;
System info: host: &#039;Josephs-MacBoo.local&#039;, ip: &#039;fd00:0:0:1:5ccd:5e35:b2e1:2084%en0&#039;, os.name: &#039;Mac OS X&#039;, os.arch: &#039;x86_64&#039;, os.version: &#039;10.15.7&#039;, java.version: &#039;1.8.0_241&#039;
Driver info: driver.version: ChromeDriver
remote stacktrace: 0   chromedriver85v                     0x00000001053201b9 chromedriver85v + 4911545
1   chromedriver85v                     0x00000001052bfe03 chromedriver85v + 4517379
2   chromedriver85v                     0x0000000104f2ddc6 chromedriver85v + 773574
3   chromedriver85v                     0x0000000104e89452 chromedriver85v + 99410
4   chromedriver85v                     0x0000000104e85d6f chromedriver85v + 85359
5   chromedriver85v                     0x0000000104eb4716 chromedriver85v + 276246
6   chromedriver85v                     0x0000000104eb1723 chromedriver85v + 263971
7   chromedriver85v                     0x0000000104e8b720 chromedriver85v + 108320
8   chromedriver85v                     0x0000000104e8c693 chromedriver85v + 112275
9   chromedriver85v                     0x00000001052e8f72 chromedriver85v + 4685682
10  chromedriver85v                     0x00000001052f6b3a chromedriver85v + 4741946
11  chromedriver85v                     0x00000001052f6801 chromedriver85v + 4741121
12  chromedriver85v                     0x00000001052cc25e chromedriver85v + 4567646
13  chromedriver85v                     0x00000001052f7061 chromedriver85v + 4743265
14  chromedriver85v                     0x00000001052ddd0a chromedriver85v + 4640010
15  chromedriver85v                     0x00000001053100ba chromedriver85v + 4845754
16  chromedriver85v                     0x0000000105326387 chromedriver85v + 4936583
17  libsystem_pthread.dylib             0x00007fff67caf109 _pthread_start + 148
18  libsystem_pthread.dylib             0x00007fff67caab8b thread_start + 15
">
      <![CDATA[org.openqa.selenium.SessionNotCreatedException: session not created: This version of ChromeDriver only supports Chrome version 85
Build info: version: '3.141.59', revision: 'e82be7d358', time: '2018-11-14T08:17:03'
System info: host: 'Josephs-MacBoo.local', ip: 'fd00:0:0:1:5ccd:5e35:b2e1:2084%en0', os.name: 'Mac OS X', os.arch: 'x86_64', os.version: '10.15.7', java.version: '1.8.0_241'
Driver info: driver.version: ChromeDriver
remote stacktrace: 0   chromedriver85v                     0x00000001053201b9 chromedriver85v + 4911545
1   chromedriver85v                     0x00000001052bfe03 chromedriver85v + 4517379
2   chromedriver85v                     0x0000000104f2ddc6 chromedriver85v + 773574
3   chromedriver85v                     0x0000000104e89452 chromedriver85v + 99410
4   chromedriver85v                     0x0000000104e85d6f chromedriver85v + 85359
5   chromedriver85v                     0x0000000104eb4716 chromedriver85v + 276246
6   chromedriver85v                     0x0000000104eb1723 chromedriver85v + 263971
7   chromedriver85v                     0x0000000104e8b720 chromedriver85v + 108320
8   chromedriver85v                     0x0000000104e8c693 chromedriver85v + 112275
9   chromedriver85v                     0x00000001052e8f72 chromedriver85v + 4685682
10  chromedriver85v                     0x00000001052f6b3a chromedriver85v + 4741946
11  chromedriver85v                     0x00000001052f6801 chromedriver85v + 4741121
12  chromedriver85v                     0x00000001052cc25e chromedriver85v + 4567646
13  chromedriver85v                     0x00000001052f7061 chromedriver85v + 4743265
14  chromedriver85v                     0x00000001052ddd0a chromedriver85v + 4640010
15  chromedriver85v                     0x00000001053100ba chromedriver85v + 4845754
16  chromedriver85v                     0x0000000105326387 chromedriver85v + 4936583
17  libsystem_pthread.dylib             0x00007fff67caf109 _pthread_start + 148
18  libsystem_pthread.dylib             0x00007fff67caab8b thread_start + 15

at sun.reflect.NativeConstructorAccessorImpl.newInstance0(Native Method)
at sun.reflect.NativeConstructorAccessorImpl.newInstance(NativeConstructorAccessorImpl.java:62)
at sun.reflect.DelegatingConstructorAccessorImpl.newInstance(DelegatingConstructorAccessorImpl.java:45)
at java.lang.reflect.Constructor.newInstance(Constructor.java:423)
at org.openqa.selenium.remote.W3CHandshakeResponse.lambda$errorHandler$0(W3CHandshakeResponse.java:62)
at org.openqa.selenium.remote.HandshakeResponse.lambda$getResponseFunction$0(HandshakeResponse.java:30)
at org.openqa.selenium.remote.ProtocolHandshake.lambda$createSession$0(ProtocolHandshake.java:126)
at java.util.stream.ReferencePipeline$3$1.accept(ReferencePipeline.java:193)
at java.util.Spliterators$ArraySpliterator.tryAdvance(Spliterators.java:958)
at java.util.stream.ReferencePipeline.forEachWithCancel(ReferencePipeline.java:126)
at java.util.stream.AbstractPipeline.copyIntoWithCancel(AbstractPipeline.java:499)
at java.util.stream.AbstractPipeline.copyInto(AbstractPipeline.java:486)
at java.util.stream.AbstractPipeline.wrapAndCopyInto(AbstractPipeline.java:472)
at java.util.stream.FindOps$FindOp.evaluateSequential(FindOps.java:152)
at java.util.stream.AbstractPipeline.evaluate(AbstractPipeline.java:234)
at java.util.stream.ReferencePipeline.findFirst(ReferencePipeline.java:464)
at org.openqa.selenium.remote.ProtocolHandshake.createSession(ProtocolHandshake.java:128)
at org.openqa.selenium.remote.ProtocolHandshake.createSession(ProtocolHandshake.java:74)
at org.openqa.selenium.remote.HttpCommandExecutor.execute(HttpCommandExecutor.java:136)
at org.openqa.selenium.remote.service.DriverCommandExecutor.execute(DriverCommandExecutor.java:83)
at org.openqa.selenium.remote.RemoteWebDriver.execute(RemoteWebDriver.java:552)
at org.openqa.selenium.remote.RemoteWebDriver.startSession(RemoteWebDriver.java:213)
at org.openqa.selenium.remote.RemoteWebDriver.<init>(RemoteWebDriver.java:131)
at org.openqa.selenium.chrome.ChromeDriver.<init>(ChromeDriver.java:181)
at org.openqa.selenium.chrome.ChromeDriver.<init>(ChromeDriver.java:168)
at org.openqa.selenium.chrome.ChromeDriver.<init>(ChromeDriver.java:123)
at com.fbis.base.TestBase.initialization(TestBase.java:48)
at com.crm.skycleon.testcases.HomePageTest.setUp(HomePageTest.java:42)
at sun.reflect.NativeMethodAccessorImpl.invoke0(Native Method)
at sun.reflect.NativeMethodAccessorImpl.invoke(NativeMethodAccessorImpl.java:62)
at sun.reflect.DelegatingMethodAccessorImpl.invoke(DelegatingMethodAccessorImpl.java:43)
at java.lang.reflect.Method.invoke(Method.java:498)
at org.testng.internal.MethodInvocationHelper.invokeMethod(MethodInvocationHelper.java:135)
at org.testng.internal.MethodInvocationHelper.invokeMethodConsideringTimeout(MethodInvocationHelper.java:64)
at org.testng.internal.ConfigInvoker.invokeConfigurationMethod(ConfigInvoker.java:364)
at org.testng.internal.ConfigInvoker.invokeConfigurations(ConfigInvoker.java:318)
at org.testng.internal.TestInvoker.runConfigMethods(TestInvoker.java:700)
at org.testng.internal.TestInvoker.invokeMethod(TestInvoker.java:527)
at org.testng.internal.TestInvoker.invokeTestMethod(TestInvoker.java:174)
at org.testng.internal.MethodRunner.runInSequence(MethodRunner.java:46)
at org.testng.internal.TestInvoker$MethodInvocationAgent.invoke(TestInvoker.java:821)
at org.testng.internal.TestInvoker.invokeTestMethods(TestInvoker.java:147)
at org.testng.internal.TestMethodWorker.invokeTestMethods(TestMethodWorker.java:146)
at org.testng.internal.TestMethodWorker.run(TestMethodWorker.java:128)
at java.util.ArrayList.forEach(ArrayList.java:1257)
at org.testng.TestRunner.privateRun(TestRunner.java:767)
at org.testng.TestRunner.run(TestRunner.java:588)
at org.testng.SuiteRunner.runTest(SuiteRunner.java:384)
at org.testng.SuiteRunner.runSequentially(SuiteRunner.java:378)
at org.testng.SuiteRunner.privateRun(SuiteRunner.java:337)
at org.testng.SuiteRunner.run(SuiteRunner.java:286)
at org.testng.SuiteRunnerWorker.runSuite(SuiteRunnerWorker.java:53)
at org.testng.SuiteRunnerWorker.run(SuiteRunnerWorker.java:96)
at org.testng.TestNG.runSuitesSequentially(TestNG.java:1214)
at org.testng.TestNG.runSuitesLocally(TestNG.java:1136)
at org.testng.TestNG.runSuites(TestNG.java:1066)
at org.testng.TestNG.run(TestNG.java:1034)
at org.testng.remote.AbstractRemoteTestNG.run(AbstractRemoteTestNG.java:115)
at org.testng.remote.RemoteTestNG.initAndRun(RemoteTestNG.java:251)
at org.testng.remote.RemoteTestNG.main(RemoteTestNG.java:77)
]]>
    </error>
  </testcase> <!-- setUp -->
  <system-out/>
  <testcase name="verifyHomePageTitleTest" time="0.000" classname="com.crm.skycleon.testcases.HomePageTest">
    <skipped/>
  </testcase> <!-- verifyHomePageTitleTest -->
  <system-out/>
  <testcase name="verifyUsernameOnHomePageTest" time="0.000" classname="com.crm.skycleon.testcases.HomePageTest">
    <skipped/>
  </testcase> <!-- verifyUsernameOnHomePageTest -->
  <system-out/>
  <testcase name="verifyContactsLinkTest" time="0.000" classname="com.crm.skycleon.testcases.HomePageTest">
    <skipped/>
  </testcase> <!-- verifyContactsLinkTest -->
  <system-out/>
  <testcase name="verifyCalendarLinkTest" time="0.000" classname="com.crm.skycleon.testcases.HomePageTest">
    <skipped/>
  </testcase> <!-- verifyCalendarLinkTest -->
  <system-out/>
</testsuite> <!-- com.crm.skycleon.testcases.HomePageTest -->
